<?xml version="1.0" encoding="UTF-8"?>
<!-- Generated by org.testng.reporters.JUnitReportReporter -->
<testsuite hostname="DESKTOP-4OANU7R" failures="0" tests="1" name="com.mindtree.Runner.BookRunner" time="26.483" errors="0" timestamp="2021-11-09T13:01:44 IST" skipped="0">
  <testcase classname="com.mindtree.Runner.BookRunner" name="runScenario" time="26.483"/>
</testsuite> <!-- com.mindtree.Runner.BookRunner -->
